<?xml version="1.0" encoding="UTF-8"?>
<!-- Generated by org.testng.reporters.JUnitReportReporter -->
<testsuite hostname="GODHEAVEN" failures="0" tests="1" name="tutorialninja.register.TC_RF_007" time="6.448" errors="0" timestamp="2025-10-08T03:33:34 IST" skipped="0">
  <testcase classname="tutorialninja.register.TC_RF_007" name="VerifyRegistrationPageDifferentWay" time="6.448"/>
</testsuite> <!-- tutorialninja.register.TC_RF_007 -->
