<?xml version="1.0" encoding="UTF-8"?>
<!-- Generated by org.testng.reporters.JUnitReportReporter -->
<testsuite hostname="GODHEAVEN" failures="0" tests="1" name="tutorialninja.register.TC_RF_10" time="9.202" errors="0" timestamp="2025-10-08T08:17:47 IST" skipped="0">
  <testcase classname="tutorialninja.register.TC_RF_10" name="VerifyRegistrationWithInvalidMail" time="9.202"/>
</testsuite> <!-- tutorialninja.register.TC_RF_10 -->
