<?xml version="1.0" encoding="UTF-8"?>
<!-- Generated by org.testng.reporters.JUnitReportReporter -->
<testsuite hostname="GODHEAVEN" failures="0" tests="1" name="tutorialninja.register.TC_RF_009" time="3.859" errors="0" timestamp="2025-10-08T07:11:13 IST" skipped="0">
  <testcase classname="tutorialninja.register.TC_RF_009" name="VerifyRegistrationWithExistingAccount" time="3.859"/>
</testsuite> <!-- tutorialninja.register.TC_RF_009 -->
