<?xml version="1.0" encoding="UTF-8"?>
<!-- Generated by org.testng.reporters.JUnitReportReporter -->
<testsuite hostname="GODHEAVEN" failures="0" tests="1" name="tutorialninja.register.TC_RF_008" time="6.565" errors="0" timestamp="2025-10-08T03:55:12 IST" skipped="0">
  <testcase classname="tutorialninja.register.TC_RF_008" name="VerifyRegistrationWithMandatoryFields" time="6.565"/>
</testsuite> <!-- tutorialninja.register.TC_RF_008 -->
