<?xml version="1.0" encoding="UTF-8"?>
<!-- Generated by org.testng.reporters.JUnitReportReporter -->
<testsuite hostname="GODHEAVEN" failures="0" tests="1" name="tutorialninja.register.TC_RF_001" time="6.643" errors="0" timestamp="2025-10-08T02:12:16 IST" skipped="0">
  <testcase classname="tutorialninja.register.TC_RF_001" name="VerifyRegistrationWithMandatoryFields" time="6.643"/>
</testsuite> <!-- tutorialninja.register.TC_RF_001 -->
