<?xml version="1.0" encoding="UTF-8"?>
<!-- Generated by org.testng.reporters.JUnitReportReporter -->
<testsuite hostname="GODHEAVEN" failures="0" tests="1" name="tutorialninja.register.TC_RF_12" time="16.232" errors="0" timestamp="2025-10-08T23:04:45 IST" skipped="0">
  <testcase classname="tutorialninja.register.TC_RF_12" name="KeyboaredActionRegister" time="16.232"/>
</testsuite> <!-- tutorialninja.register.TC_RF_12 -->
