<?xml version="1.0" encoding="UTF-8"?>
<!-- Generated by org.testng.reporters.JUnitReportReporter -->
<testsuite hostname="GODHEAVEN" failures="0" tests="1" name="tutorialninja.register.TC_RF_004" time="5.614" errors="0" timestamp="2025-10-08T01:44:30 IST" skipped="0">
  <testcase classname="tutorialninja.register.TC_RF_004" name="VerifyRegistrationWithMandatoryFields" time="5.614"/>
</testsuite> <!-- tutorialninja.register.TC_RF_004 -->
