<?xml version="1.0" encoding="UTF-8"?>
<!-- Generated by org.testng.reporters.JUnitReportReporter -->
<testsuite hostname="GODHEAVEN" failures="0" tests="1" name="tutorialninja.register.TC_RF_005" time="7.924" errors="0" timestamp="2025-10-08T02:50:27 IST" skipped="0">
  <testcase classname="tutorialninja.register.TC_RF_005" name="VerifyRegistrationWithMandatoryFields" time="7.924"/>
</testsuite> <!-- tutorialninja.register.TC_RF_005 -->
